# /root/docker/nemo/nemo/nemo/player/ExoPlayer/extensions/vp9/src/main/jni/libvpx/configure --force-target=aarch64-linux-android31 --sdk-path=/home/hyz/Android/Sdk/ndk/26.2.11394342 --enable-neon --enable-internal-stats --enable-snpe --disable-examples --disable-docs --enable-realtime-only --disable-vp8 --enable-libyuv --disable-runtime-cpu-detect --disable-internal-stats --extra-cflags=-isystem/home/hyz/Android/Sdk/ndk/26.2.11394342/toolchains/llvm/prebuilt/linux-x86_64/sysroot/usr/include/c++/v1 -isystem/home/hyz/Android/Sdk/ndk/26.2.11394342/toolchains/llvm/prebuilt/linux-x86_64/sysroot/usr/include
  enabling vp9_encoder
  enabling vp9_decoder
Configuring for target 'aarch64-linux-android31'
  enabling aarch64
check_cxxflags -DNDEBUG
check_cxx -Werror -DNDEBUG
BEGIN /tmp/vpx-conf-1356437-1951.cc
     1	int x;
END /tmp/vpx-conf-1356437-1951.cc
/home/hyz/Android/Sdk/ndk/26.2.11394342/toolchains/llvm/prebuilt/linux-x86_64/bin/aarch64-linux-android31-clang++ -Werror -DNDEBUG -c -o /tmp/vpx-conf-1356437-1951.o /tmp/vpx-conf-1356437-1951.cc
check_cflags -DNDEBUG
check_cc -Werror -DNDEBUG
BEGIN /tmp/vpx-conf-1356437-1951.c
     1	int x;
END /tmp/vpx-conf-1356437-1951.c
/home/hyz/Android/Sdk/ndk/26.2.11394342/toolchains/llvm/prebuilt/linux-x86_64/bin/aarch64-linux-android31-clang -Werror -DNDEBUG -c -o /tmp/vpx-conf-1356437-1951.o /tmp/vpx-conf-1356437-1951.c
check_cxxflags -O3
check_cxx -Werror -O3
BEGIN /tmp/vpx-conf-1356437-1951.cc
     1	int x;
END /tmp/vpx-conf-1356437-1951.cc
/home/hyz/Android/Sdk/ndk/26.2.11394342/toolchains/llvm/prebuilt/linux-x86_64/bin/aarch64-linux-android31-clang++ -DNDEBUG -Werror -O3 -c -o /tmp/vpx-conf-1356437-1951.o /tmp/vpx-conf-1356437-1951.cc
check_cflags -O3
check_cc -Werror -O3
BEGIN /tmp/vpx-conf-1356437-1951.c
     1	int x;
END /tmp/vpx-conf-1356437-1951.c
/home/hyz/Android/Sdk/ndk/26.2.11394342/toolchains/llvm/prebuilt/linux-x86_64/bin/aarch64-linux-android31-clang -DNDEBUG -Werror -O3 -c -o /tmp/vpx-conf-1356437-1951.o /tmp/vpx-conf-1356437-1951.c
check_cxxflags -U_FORTIFY_SOURCE -D_FORTIFY_SOURCE=0
check_cxx -Werror -U_FORTIFY_SOURCE -D_FORTIFY_SOURCE=0
BEGIN /tmp/vpx-conf-1356437-1951.cc
     1	int x;
END /tmp/vpx-conf-1356437-1951.cc
/home/hyz/Android/Sdk/ndk/26.2.11394342/toolchains/llvm/prebuilt/linux-x86_64/bin/aarch64-linux-android31-clang++ -DNDEBUG -O3 -Werror -U_FORTIFY_SOURCE -D_FORTIFY_SOURCE=0 -c -o /tmp/vpx-conf-1356437-1951.o /tmp/vpx-conf-1356437-1951.cc
check_cflags -U_FORTIFY_SOURCE -D_FORTIFY_SOURCE=0
check_cc -Werror -U_FORTIFY_SOURCE -D_FORTIFY_SOURCE=0
BEGIN /tmp/vpx-conf-1356437-1951.c
     1	int x;
END /tmp/vpx-conf-1356437-1951.c
/home/hyz/Android/Sdk/ndk/26.2.11394342/toolchains/llvm/prebuilt/linux-x86_64/bin/aarch64-linux-android31-clang -DNDEBUG -O3 -Werror -U_FORTIFY_SOURCE -D_FORTIFY_SOURCE=0 -c -o /tmp/vpx-conf-1356437-1951.o /tmp/vpx-conf-1356437-1951.c
check_cc
BEGIN /tmp/vpx-conf-1356437-1951.c
     1	unsigned int e = 'O'<<24 | '2'<<16 | 'B'<<8 | 'E';
END /tmp/vpx-conf-1356437-1951.c
/home/hyz/Android/Sdk/ndk/26.2.11394342/toolchains/llvm/prebuilt/linux-x86_64/bin/aarch64-linux-android31-clang -DNDEBUG -O3 -U_FORTIFY_SOURCE -D_FORTIFY_SOURCE=0 -c -o /tmp/vpx-conf-1356437-1951.o /tmp/vpx-conf-1356437-1951.c
check_cc
BEGIN /tmp/vpx-conf-1356437-1951.c
     1	static inline function() {}
END /tmp/vpx-conf-1356437-1951.c
/home/hyz/Android/Sdk/ndk/26.2.11394342/toolchains/llvm/prebuilt/linux-x86_64/bin/aarch64-linux-android31-clang -DNDEBUG -O3 -U_FORTIFY_SOURCE -D_FORTIFY_SOURCE=0 -c -o /tmp/vpx-conf-1356437-1951.o /tmp/vpx-conf-1356437-1951.c
/tmp/vpx-conf-1356437-1951.c:1:15: error: type specifier missing, defaults to 'int'; ISO C99 and later do not support implicit int [-Wimplicit-int]
static inline function() {}
~~~~~~~~~~~~~ ^
int
1 error generated.
check_header pthread.h
check_cpp
BEGIN /tmp/vpx-conf-1356437-1951.c
     1	#include "pthread.h"
     2	int x;
END /tmp/vpx-conf-1356437-1951.c
/home/hyz/Android/Sdk/ndk/26.2.11394342/toolchains/llvm/prebuilt/linux-x86_64/bin/aarch64-linux-android31-clang -DNDEBUG -O3 -U_FORTIFY_SOURCE -D_FORTIFY_SOURCE=0 -E -o /tmp/vpx-conf-1356437-1951.o /tmp/vpx-conf-1356437-1951.c
  disabling ccache
check_cxx
BEGIN /tmp/vpx-conf-1356437-1951.cc
     1	int z;
END /tmp/vpx-conf-1356437-1951.cc
/home/hyz/Android/Sdk/ndk/26.2.11394342/toolchains/llvm/prebuilt/linux-x86_64/bin/aarch64-linux-android31-clang++ -DNDEBUG -O3 -U_FORTIFY_SOURCE -D_FORTIFY_SOURCE=0 -D_LARGEFILE_SOURCE -D_FILE_OFFSET_BITS=64 -c -o /tmp/vpx-conf-1356437-1951.o /tmp/vpx-conf-1356437-1951.cc
  enabling unit_tests
check_cxx
BEGIN /tmp/vpx-conf-1356437-1951.cc
     1	int z;
END /tmp/vpx-conf-1356437-1951.cc
/home/hyz/Android/Sdk/ndk/26.2.11394342/toolchains/llvm/prebuilt/linux-x86_64/bin/aarch64-linux-android31-clang++ -DNDEBUG -O3 -U_FORTIFY_SOURCE -D_FORTIFY_SOURCE=0 -D_LARGEFILE_SOURCE -D_FILE_OFFSET_BITS=64 -c -o /tmp/vpx-conf-1356437-1951.o /tmp/vpx-conf-1356437-1951.cc
  enabling webm_io
check_cxx
BEGIN /tmp/vpx-conf-1356437-1951.cc
     1	int z;
END /tmp/vpx-conf-1356437-1951.cc
/home/hyz/Android/Sdk/ndk/26.2.11394342/toolchains/llvm/prebuilt/linux-x86_64/bin/aarch64-linux-android31-clang++ -DNDEBUG -O3 -U_FORTIFY_SOURCE -D_FORTIFY_SOURCE=0 -D_LARGEFILE_SOURCE -D_FILE_OFFSET_BITS=64 -c -o /tmp/vpx-conf-1356437-1951.o /tmp/vpx-conf-1356437-1951.cc
check_cxxflags -isystem/home/hyz/Android/Sdk/ndk/26.2.11394342/toolchains/llvm/prebuilt/linux-x86_64/sysroot/usr/include/c++/v1 -isystem/home/hyz/Android/Sdk/ndk/26.2.11394342/toolchains/llvm/prebuilt/linux-x86_64/sysroot/usr/include
check_cxx -Werror -isystem/home/hyz/Android/Sdk/ndk/26.2.11394342/toolchains/llvm/prebuilt/linux-x86_64/sysroot/usr/include/c++/v1 -isystem/home/hyz/Android/Sdk/ndk/26.2.11394342/toolchains/llvm/prebuilt/linux-x86_64/sysroot/usr/include
BEGIN /tmp/vpx-conf-1356437-1951.cc
     1	int x;
END /tmp/vpx-conf-1356437-1951.cc
/home/hyz/Android/Sdk/ndk/26.2.11394342/toolchains/llvm/prebuilt/linux-x86_64/bin/aarch64-linux-android31-clang++ -DNDEBUG -O3 -U_FORTIFY_SOURCE -D_FORTIFY_SOURCE=0 -D_LARGEFILE_SOURCE -D_FILE_OFFSET_BITS=64 -Werror -isystem/home/hyz/Android/Sdk/ndk/26.2.11394342/toolchains/llvm/prebuilt/linux-x86_64/sysroot/usr/include/c++/v1 -isystem/home/hyz/Android/Sdk/ndk/26.2.11394342/toolchains/llvm/prebuilt/linux-x86_64/sysroot/usr/include -c -o /tmp/vpx-conf-1356437-1951.o /tmp/vpx-conf-1356437-1951.cc
check_cflags -isystem/home/hyz/Android/Sdk/ndk/26.2.11394342/toolchains/llvm/prebuilt/linux-x86_64/sysroot/usr/include/c++/v1 -isystem/home/hyz/Android/Sdk/ndk/26.2.11394342/toolchains/llvm/prebuilt/linux-x86_64/sysroot/usr/include
check_cc -Werror -isystem/home/hyz/Android/Sdk/ndk/26.2.11394342/toolchains/llvm/prebuilt/linux-x86_64/sysroot/usr/include/c++/v1 -isystem/home/hyz/Android/Sdk/ndk/26.2.11394342/toolchains/llvm/prebuilt/linux-x86_64/sysroot/usr/include
BEGIN /tmp/vpx-conf-1356437-1951.c
     1	int x;
END /tmp/vpx-conf-1356437-1951.c
/home/hyz/Android/Sdk/ndk/26.2.11394342/toolchains/llvm/prebuilt/linux-x86_64/bin/aarch64-linux-android31-clang -DNDEBUG -O3 -U_FORTIFY_SOURCE -D_FORTIFY_SOURCE=0 -D_LARGEFILE_SOURCE -D_FILE_OFFSET_BITS=64 -Werror -isystem/home/hyz/Android/Sdk/ndk/26.2.11394342/toolchains/llvm/prebuilt/linux-x86_64/sysroot/usr/include/c++/v1 -isystem/home/hyz/Android/Sdk/ndk/26.2.11394342/toolchains/llvm/prebuilt/linux-x86_64/sysroot/usr/include -c -o /tmp/vpx-conf-1356437-1951.o /tmp/vpx-conf-1356437-1951.c
check_header stdio.h
check_cpp
BEGIN /tmp/vpx-conf-1356437-1951.c
     1	#include "stdio.h"
     2	int x;
END /tmp/vpx-conf-1356437-1951.c
/home/hyz/Android/Sdk/ndk/26.2.11394342/toolchains/llvm/prebuilt/linux-x86_64/bin/aarch64-linux-android31-clang -DNDEBUG -O3 -U_FORTIFY_SOURCE -D_FORTIFY_SOURCE=0 -D_LARGEFILE_SOURCE -D_FILE_OFFSET_BITS=64 -isystem/home/hyz/Android/Sdk/ndk/26.2.11394342/toolchains/llvm/prebuilt/linux-x86_64/sysroot/usr/include/c++/v1 -isystem/home/hyz/Android/Sdk/ndk/26.2.11394342/toolchains/llvm/prebuilt/linux-x86_64/sysroot/usr/include -E -o /tmp/vpx-conf-1356437-1951.o /tmp/vpx-conf-1356437-1951.c
check_ld
check_cc
BEGIN /tmp/vpx-conf-1356437-1951.c
     1	int main(void) {return 0;}
END /tmp/vpx-conf-1356437-1951.c
/home/hyz/Android/Sdk/ndk/26.2.11394342/toolchains/llvm/prebuilt/linux-x86_64/bin/aarch64-linux-android31-clang -DNDEBUG -O3 -U_FORTIFY_SOURCE -D_FORTIFY_SOURCE=0 -D_LARGEFILE_SOURCE -D_FILE_OFFSET_BITS=64 -isystem/home/hyz/Android/Sdk/ndk/26.2.11394342/toolchains/llvm/prebuilt/linux-x86_64/sysroot/usr/include/c++/v1 -isystem/home/hyz/Android/Sdk/ndk/26.2.11394342/toolchains/llvm/prebuilt/linux-x86_64/sysroot/usr/include -c -o /tmp/vpx-conf-1356437-1951.o /tmp/vpx-conf-1356437-1951.c
/home/hyz/Android/Sdk/ndk/26.2.11394342/toolchains/llvm/prebuilt/linux-x86_64/bin/aarch64-linux-android31-clang++ -o /tmp/vpx-conf-1356437-1951.x /tmp/vpx-conf-1356437-1951.o -pthread
check_header pthread.h
check_cpp
BEGIN /tmp/vpx-conf-1356437-1951.c
     1	#include "pthread.h"
     2	int x;
END /tmp/vpx-conf-1356437-1951.c
/home/hyz/Android/Sdk/ndk/26.2.11394342/toolchains/llvm/prebuilt/linux-x86_64/bin/aarch64-linux-android31-clang -DNDEBUG -O3 -U_FORTIFY_SOURCE -D_FORTIFY_SOURCE=0 -D_LARGEFILE_SOURCE -D_FILE_OFFSET_BITS=64 -isystem/home/hyz/Android/Sdk/ndk/26.2.11394342/toolchains/llvm/prebuilt/linux-x86_64/sysroot/usr/include/c++/v1 -isystem/home/hyz/Android/Sdk/ndk/26.2.11394342/toolchains/llvm/prebuilt/linux-x86_64/sysroot/usr/include -E -o /tmp/vpx-conf-1356437-1951.o /tmp/vpx-conf-1356437-1951.c
check_header unistd.h
check_cpp
BEGIN /tmp/vpx-conf-1356437-1951.c
     1	#include "unistd.h"
     2	int x;
END /tmp/vpx-conf-1356437-1951.c
/home/hyz/Android/Sdk/ndk/26.2.11394342/toolchains/llvm/prebuilt/linux-x86_64/bin/aarch64-linux-android31-clang -DNDEBUG -O3 -U_FORTIFY_SOURCE -D_FORTIFY_SOURCE=0 -D_LARGEFILE_SOURCE -D_FILE_OFFSET_BITS=64 -isystem/home/hyz/Android/Sdk/ndk/26.2.11394342/toolchains/llvm/prebuilt/linux-x86_64/sysroot/usr/include/c++/v1 -isystem/home/hyz/Android/Sdk/ndk/26.2.11394342/toolchains/llvm/prebuilt/linux-x86_64/sysroot/usr/include -E -o /tmp/vpx-conf-1356437-1951.o /tmp/vpx-conf-1356437-1951.c
check_header vpx/vpx_integer.h -I/root/docker/nemo/nemo/nemo/player/ExoPlayer/extensions/vp9/src/main/jni/libvpx
check_cpp -I/root/docker/nemo/nemo/nemo/player/ExoPlayer/extensions/vp9/src/main/jni/libvpx
BEGIN /tmp/vpx-conf-1356437-1951.c
     1	#include "vpx/vpx_integer.h"
     2	int x;
END /tmp/vpx-conf-1356437-1951.c
/home/hyz/Android/Sdk/ndk/26.2.11394342/toolchains/llvm/prebuilt/linux-x86_64/bin/aarch64-linux-android31-clang -DNDEBUG -O3 -U_FORTIFY_SOURCE -D_FORTIFY_SOURCE=0 -D_LARGEFILE_SOURCE -D_FILE_OFFSET_BITS=64 -isystem/home/hyz/Android/Sdk/ndk/26.2.11394342/toolchains/llvm/prebuilt/linux-x86_64/sysroot/usr/include/c++/v1 -isystem/home/hyz/Android/Sdk/ndk/26.2.11394342/toolchains/llvm/prebuilt/linux-x86_64/sysroot/usr/include -I/root/docker/nemo/nemo/nemo/player/ExoPlayer/extensions/vp9/src/main/jni/libvpx -E -o /tmp/vpx-conf-1356437-1951.o /tmp/vpx-conf-1356437-1951.c
